<?xml version="1.0" encoding="UTF-8"?>
<!-- Generated by org.testng.reporters.JUnitReportReporter -->
<testsuite name="org.seleniumhq.selenium.selenium_java.LoginAuthTest" tests="1" time="7.840" ignored="0" failures="0" timestamp="05 八月 2020 06:02:33 GMT" skipped="0" hostname="PC-20200710YFCF" errors="0">
  <testcase name="test" time="7.840" classname="org.seleniumhq.selenium.selenium_java.LoginAuthTest"/>
</testsuite> <!-- org.seleniumhq.selenium.selenium_java.LoginAuthTest -->
